d:\projects\smartpanviewer\panviewerdll\panviewerdll\panviewer\x64\debug\vc140.pdb
d:\projects\smartpanviewer\panviewerdll\panviewerdll\panviewer\x64\debug\vc140.idb
d:\projects\smartpanviewer\panviewerdll\panviewerdll\panviewer\stdafx.pch
d:\projects\smartpanviewer\panviewerdll\panviewerdll\panviewer\x64\debug\stdafx.obj
d:\projects\smartpanviewer\panviewerdll\panviewerdll\panviewer\x64\debug\dllmain.obj
d:\projects\smartpanviewer\panviewerdll\panviewerdll\panviewer\x64\debug\gpustitcher.obj
d:\projects\smartpanviewer\panviewerdll\panviewerdll\panviewer\x64\debug\left_frame_queue.obj
d:\projects\smartpanviewer\panviewerdll\panviewerdll\panviewer\x64\debug\middle_frame_queue.obj
d:\projects\smartpanviewer\panviewerdll\panviewerdll\panviewer\x64\debug\panviewer.obj
d:\projects\smartpanviewer\panviewerdll\panviewerdll\panviewer\x64\debug\panviewercore.obj
d:\projects\smartpanviewer\panviewerdll\panviewerdll\panviewer\x64\debug\panviewerui.obj
d:\projects\smartpanviewer\panviewerdll\panviewerdll\panviewer\x64\debug\right_frame_queue.obj
d:\projects\smartpanviewer\panviewerdll\panviewerdll\panviewer\x64\debug\stitched_frame_queue.obj
d:\projects\smartpanviewer\panviewerdll\panviewerdll\x64\debug\panviewer.ilk
d:\projects\smartpanviewer\panviewerdll\panviewerdll\x64\debug\panviewer.dll
d:\projects\smartpanviewer\panviewerdll\panviewerdll\x64\debug\panviewer.pdb
d:\projects\smartpanviewer\panviewerdll\panviewerdll\x64\debug\panviewer.lib
d:\projects\smartpanviewer\panviewerdll\panviewerdll\x64\debug\panviewer.exp
d:\projects\smartpanviewer\panviewerdll\panviewerdll\panviewer\x64\debug\panviewer.tlog\cl.command.1.tlog
d:\projects\smartpanviewer\panviewerdll\panviewerdll\panviewer\x64\debug\panviewer.tlog\cl.read.1.tlog
d:\projects\smartpanviewer\panviewerdll\panviewerdll\panviewer\x64\debug\panviewer.tlog\cl.write.1.tlog
d:\projects\smartpanviewer\panviewerdll\panviewerdll\panviewer\x64\debug\panviewer.tlog\link.command.1.tlog
d:\projects\smartpanviewer\panviewerdll\panviewerdll\panviewer\x64\debug\panviewer.tlog\link.read.1.tlog
d:\projects\smartpanviewer\panviewerdll\panviewerdll\panviewer\x64\debug\panviewer.tlog\link.write.1.tlog
d:\projects\smartpanviewer\panviewerdll\panviewerdll\panviewer\x64\debug\panviewer.tlog\panviewer.write.1u.tlog
