Build started 3/18/2018 9:43:35 PM.
     1>Project "D:\Projects\SmartPanViewer\PanViewerDLL\PanViewerDLL\PanViewer\PanViewer.vcxproj" on node 2 (Rebuild target(s)).
     1>ClCompile:
         C:\Program Files (x86)\Microsoft Visual Studio 14.0\VC\bin\x86_amd64\CL.exe /c /IC:\opencv\build\install\include /IC:\opencv\build\install\include\opencv /IC:\opencv\build\install\include\opencv2 /I"C:\Program Files\boost\boost_1_66_0" /ZI /nologo /W3 /WX- /sdl /Od /D _DEBUG /D _WINDOWS /D _USRDLL /D PANVIEWER_EXPORTS /D _WINDLL /D _UNICODE /D UNICODE /Gm /EHsc /RTC1 /MDd /GS /fp:precise /Zc:wchar_t /Zc:forScope /Zc:inline /Yc /Fo"x64\Debug\\" /Fd"x64\Debug\vc140.pdb" /Gd /TP /errorReport:prompt stdafx.cpp
         stdafx.cpp
         C:\Program Files (x86)\Microsoft Visual Studio 14.0\VC\bin\x86_amd64\CL.exe /c /IC:\opencv\build\install\include /IC:\opencv\build\install\include\opencv /IC:\opencv\build\install\include\opencv2 /I"C:\Program Files\boost\boost_1_66_0" /ZI /nologo /W3 /WX- /sdl /Od /D _DEBUG /D _WINDOWS /D _USRDLL /D PANVIEWER_EXPORTS /D _WINDLL /D _UNICODE /D UNICODE /Gm /EHsc /RTC1 /MDd /GS /fp:precise /Zc:wchar_t /Zc:forScope /Zc:inline /Fo"x64\Debug\\" /Fd"x64\Debug\vc140.pdb" /Gd /TP /errorReport:prompt dllmain.cpp
         dllmain.cpp
         C:\Program Files (x86)\Microsoft Visual Studio 14.0\VC\bin\x86_amd64\CL.exe /c /IC:\opencv\build\install\include /IC:\opencv\build\install\include\opencv /IC:\opencv\build\install\include\opencv2 /I"C:\Program Files\boost\boost_1_66_0" /ZI /nologo /W3 /WX- /sdl /Od /D _DEBUG /D _WINDOWS /D _USRDLL /D PANVIEWER_EXPORTS /D _WINDLL /D _UNICODE /D UNICODE /Gm /EHsc /RTC1 /MDd /GS /fp:precise /Zc:wchar_t /Zc:forScope /Zc:inline /Fo"x64\Debug\\" /Fd"x64\Debug\vc140.pdb" /Gd /TP /errorReport:prompt gpuStitcher.cpp left_frame_queue.cpp middle_frame_queue.cpp PanViewer.cpp panViewerCore.cpp panViewerUI.cpp right_frame_queue.cpp stitched_frame_queue.cpp
         stitched_frame_queue.cpp
         right_frame_queue.cpp
         panViewerUI.cpp
         cvui.h: compiling implementation because of CVUI_IMPLEMENTATION. See: https://dovyski.github.io/cvui/usage/
         panViewerCore.cpp
     1>d:\projects\smartpanviewer\panviewerdll\panviewerdll\panviewer\panviewercore.cpp(106): warning C4101: 'e': unreferenced local variable
         PanViewer.cpp
         middle_frame_queue.cpp
         left_frame_queue.cpp
         gpuStitcher.cpp
         Generating Code...
       Link:
         C:\Program Files (x86)\Microsoft Visual Studio 14.0\VC\bin\x86_amd64\link.exe /ERRORREPORT:PROMPT /OUT:"D:\Projects\SmartPanViewer\PanViewerDLL\PanViewerDLL\x64\Debug\PanViewer.dll" /INCREMENTAL /NOLOGO /LIBPATH:"C:\Program Files\boost\boost_1_66_0\lib64-msvc-14.0" /LIBPATH:C:\opencv\build\install\x64\vc14\lib opencv_aruco330d.lib opencv_bgsegm330d.lib opencv_bioinspired330d.lib opencv_calib3d330d.lib opencv_ccalib330d.lib opencv_core330d.lib opencv_datasets330d.lib opencv_dnn330d.lib opencv_dpm330d.lib opencv_face330d.lib opencv_features2d330d.lib opencv_flann330d.lib opencv_fuzzy330d.lib opencv_highgui330d.lib opencv_img_hash330d.lib opencv_imgcodecs330d.lib opencv_imgproc330d.lib opencv_line_descriptor330d.lib opencv_ml330d.lib opencv_objdetect330d.lib opencv_optflow330d.lib opencv_phase_unwrapping330d.lib opencv_photo330d.lib opencv_plot330d.lib opencv_reg330d.lib opencv_rgbd330d.lib opencv_saliency330d.lib opencv_shape330d.lib opencv_stereo330d.lib opencv_stitching330d.lib opencv_structured_light330d.lib opencv_superres330d.lib opencv_surface_matching330d.lib opencv_text330d.lib opencv_tracking330d.lib opencv_video330d.lib opencv_videoio330d.lib opencv_videostab330d.lib opencv_xfeatures2d330d.lib opencv_ximgproc330d.lib opencv_xobjdetect330d.lib opencv_xphoto330d.lib opencv_cudaarithm330d.lib opencv_cudabgsegm330d.lib opencv_cudacodec330d.lib opencv_cudafeatures2d330d.lib opencv_cudafilters330d.lib opencv_cudaimgproc330d.lib opencv_cudalegacy330d.lib opencv_cudaobjdetect330.lib opencv_cudaoptflow330d.lib opencv_cudastereo330d.lib opencv_cudawarping330d.lib opencv_cudev330d.lib kernel32.lib user32.lib gdi32.lib winspool.lib comdlg32.lib advapi32.lib shell32.lib ole32.lib oleaut32.lib uuid.lib odbc32.lib odbccp32.lib /MANIFEST /MANIFESTUAC:"level='asInvoker' uiAccess='false'" /manifest:embed /Debug /PDB:"D:\Projects\SmartPanViewer\PanViewerDLL\PanViewerDLL\x64\Debug\PanViewer.pdb" /SUBSYSTEM:WINDOWS /TLBID:1 /DYNAMICBASE /NXCOMPAT /IMPLIB:"D:\Projects\SmartPanViewer\PanViewerDLL\PanViewerDLL\x64\Debug\PanViewer.lib" /MACHINE:X64 /DLL x64\Debug\dllmain.obj
         x64\Debug\gpuStitcher.obj
         x64\Debug\left_frame_queue.obj
         x64\Debug\middle_frame_queue.obj
         x64\Debug\PanViewer.obj
         x64\Debug\panViewerCore.obj
         x64\Debug\panViewerUI.obj
         x64\Debug\right_frame_queue.obj
         x64\Debug\stdafx.obj
         x64\Debug\stitched_frame_queue.obj
            Creating library D:\Projects\SmartPanViewer\PanViewerDLL\PanViewerDLL\x64\Debug\PanViewer.lib and object D:\Projects\SmartPanViewer\PanViewerDLL\PanViewerDLL\x64\Debug\PanViewer.exp
         PanViewer.vcxproj -> D:\Projects\SmartPanViewer\PanViewerDLL\PanViewerDLL\x64\Debug\PanViewer.dll
     1>Done Building Project "D:\Projects\SmartPanViewer\PanViewerDLL\PanViewerDLL\PanViewer\PanViewer.vcxproj" (Rebuild target(s)).

Build succeeded.

Time Elapsed 00:00:37.70
