Build started 3/7/2018 8:26:13 AM.
     1>Project "D:\Projects\Smart Pan Viewer\SmartPanViewer\PanViewer v4\PanViewerCore with cuda\1.0 PanViwerUI\1.0 PanViwerUI.vcxproj" on node 2 (Build target(s)).
     1>ClCompile:
         C:\Program Files (x86)\Microsoft Visual Studio 14.0\VC\bin\x86_amd64\CL.exe /c /I"C:\Program Files\boost\boost_1_66_0" /IC:\opencv\build\install\include /IC:\opencv\build\install\include\opencv /IC:\opencv\build\install\include\opencv2 /ZI /nologo /W3 /WX- /Od /D _DEBUG /D _UNICODE /D UNICODE /Gm /EHsc /RTC1 /MDd /GS /fp:precise /Zc:wchar_t /Zc:forScope /Zc:inline /Fo"x64\Debug\\" /Fd"x64\Debug\vc140.pdb" /Gd /TP /errorReport:prompt core.cpp gpuStitcher.cpp left_frame_queue.cpp middle_frame_queue.cpp right_frame_queue.cpp settings.cpp
         settings.cpp
         right_frame_queue.cpp
         middle_frame_queue.cpp
         left_frame_queue.cpp
         gpuStitcher.cpp
         core.cpp
         Generating Code...
       Link:
         C:\Program Files (x86)\Microsoft Visual Studio 14.0\VC\bin\x86_amd64\link.exe /ERRORREPORT:PROMPT /OUT:"D:\Projects\Smart Pan Viewer\SmartPanViewer\PanViewer v4\PanViewerCore with cuda\x64\Debug\PanViewer Core.exe" /INCREMENTAL /NOLOGO /LIBPATH:"C:\Program Files\boost\boost_1_66_0\lib64-msvc-14.0" /LIBPATH:C:\opencv\build\install\x64\vc14\lib opencv_aruco330d.lib opencv_bgsegm330d.lib opencv_bioinspired330d.lib opencv_calib3d330d.lib opencv_ccalib330d.lib opencv_core330d.lib opencv_datasets330d.lib opencv_dnn330d.lib opencv_dpm330d.lib opencv_face330d.lib opencv_features2d330d.lib opencv_flann330d.lib opencv_fuzzy330d.lib opencv_highgui330d.lib opencv_img_hash330d.lib opencv_imgcodecs330d.lib opencv_imgproc330d.lib opencv_line_descriptor330d.lib opencv_ml330d.lib opencv_objdetect330d.lib opencv_optflow330d.lib opencv_phase_unwrapping330d.lib opencv_photo330d.lib opencv_plot330d.lib opencv_reg330d.lib opencv_rgbd330d.lib opencv_saliency330d.lib opencv_shape330d.lib opencv_stereo330d.lib opencv_stitching330d.lib opencv_structured_light330d.lib opencv_superres330d.lib opencv_surface_matching330d.lib opencv_text330d.lib opencv_tracking330d.lib opencv_video330d.lib opencv_videoio330d.lib opencv_videostab330d.lib opencv_xfeatures2d330d.lib opencv_ximgproc330d.lib opencv_xobjdetect330d.lib opencv_xphoto330d.lib opencv_cudaarithm330d.lib opencv_cudabgsegm330d.lib opencv_cudacodec330d.lib opencv_cudafeatures2d330d.lib opencv_cudafilters330d.lib opencv_cudaimgproc330d.lib opencv_cudalegacy330d.lib opencv_cudaobjdetect330.lib opencv_cudaoptflow330d.lib opencv_cudastereo330d.lib opencv_cudawarping330d.lib opencv_cudev330d.lib kernel32.lib user32.lib gdi32.lib winspool.lib comdlg32.lib advapi32.lib shell32.lib ole32.lib oleaut32.lib uuid.lib odbc32.lib odbccp32.lib /MANIFEST /MANIFESTUAC:"level='asInvoker' uiAccess='false'" /manifest:embed /Debug /PDB:"D:\Projects\Smart Pan Viewer\SmartPanViewer\PanViewer v4\PanViewerCore with cuda\x64\Debug\PanViewer Core.pdb" /TLBID:1 /DYNAMICBASE /NXCOMPAT /IMPLIB:"D:\Projects\Smart Pan Viewer\SmartPanViewer\PanViewer v4\PanViewerCore with cuda\x64\Debug\PanViewer Core.lib" /MACHINE:X64 x64\Debug\core.obj
         x64\Debug\gpuStitcher.obj
         x64\Debug\left_frame_queue.obj
         x64\Debug\middle_frame_queue.obj
         x64\Debug\right_frame_queue.obj
         x64\Debug\settings.obj
         1.0 PanViwerUI.vcxproj -> D:\Projects\Smart Pan Viewer\SmartPanViewer\PanViewer v4\PanViewerCore with cuda\x64\Debug\PanViewer Core.exe
     1>Done Building Project "D:\Projects\Smart Pan Viewer\SmartPanViewer\PanViewer v4\PanViewerCore with cuda\1.0 PanViwerUI\1.0 PanViwerUI.vcxproj" (Build target(s)).

Build succeeded.

Time Elapsed 00:00:27.72
