Build started 9/25/2017 10:35:08 PM.
     1>Project "D:\Projects\Smart Pan Viewer\SmartPanViewer\PanViewer v2\C++\4.2. Video stitcher with central priority and cuda\1. Image Stitcher\1. Image Stitcher.vcxproj" on node 2 (Rebuild target(s)).
     1>ClCompile:
         C:\Program Files (x86)\Microsoft Visual Studio 14.0\VC\bin\x86_amd64\CL.exe /c /IC:\opencv\build\install\include /IC:\opencv\build\install\include\opencv /IC:\opencv\build\install\include\opencv2 /ZI /nologo /W3 /WX- /sdl /Od /D CODE_ANALYSIS /D _DEBUG /D _CONSOLE /D _UNICODE /D UNICODE /Gm /EHsc /RTC1 /MDd /GS /fp:precise /Zc:wchar_t /Zc:forScope /Zc:inline /Fo"x64\Debug\\" /Fd"x64\Debug\vc140.pdb" /Gd /TP /analyze /analyze:plugin"C:\Program Files (x86)\Microsoft Visual Studio 14.0\VC\\bin\localespc.dll" /errorReport:prompt   /analyze:quiet main.cpp
         main.cpp
       Link:
         C:\Program Files (x86)\Microsoft Visual Studio 14.0\VC\bin\x86_amd64\link.exe /ERRORREPORT:PROMPT /OUT:"D:\Projects\Smart Pan Viewer\SmartPanViewer\PanViewer v2\C++\4.2. Video stitcher with central priority and cuda\x64\Debug\1. Image Stitcher.exe" /INCREMENTAL /NOLOGO /LIBPATH:C:\opencv\build\install\x64\vc14\lib opencv_aruco330d.lib opencv_bgsegm330d.lib opencv_bioinspired330d.lib opencv_calib3d330d.lib opencv_ccalib330d.lib opencv_core330d.lib opencv_datasets330d.lib opencv_dnn330d.lib opencv_dpm330d.lib opencv_face330d.lib opencv_features2d330d.lib opencv_flann330d.lib opencv_fuzzy330d.lib opencv_highgui330d.lib opencv_img_hash330d.lib opencv_imgcodecs330d.lib opencv_imgproc330d.lib opencv_line_descriptor330d.lib opencv_ml330d.lib opencv_objdetect330d.lib opencv_optflow330d.lib opencv_phase_unwrapping330d.lib opencv_photo330d.lib opencv_plot330d.lib opencv_reg330d.lib opencv_rgbd330d.lib opencv_saliency330d.lib opencv_shape330d.lib opencv_stereo330d.lib opencv_stitching330d.lib opencv_structured_light330d.lib opencv_superres330d.lib opencv_surface_matching330d.lib opencv_text330d.lib opencv_tracking330d.lib opencv_video330d.lib opencv_videoio330d.lib opencv_videostab330d.lib opencv_xfeatures2d330d.lib opencv_ximgproc330d.lib opencv_xobjdetect330d.lib opencv_xphoto330d.lib opencv_cudaarithm330d.lib opencv_cudabgsegm330d.lib opencv_cudacodec330d.lib opencv_cudafeatures2d330d.lib opencv_cudafilters330d.lib opencv_cudaimgproc330d.lib opencv_cudalegacy330d.lib opencv_cudaobjdetect330.lib opencv_cudaoptflow330d.lib opencv_cudastereo330d.lib opencv_cudawarping330d.lib opencv_cudev330d.lib kernel32.lib user32.lib gdi32.lib winspool.lib comdlg32.lib advapi32.lib shell32.lib ole32.lib oleaut32.lib uuid.lib odbc32.lib odbccp32.lib /MANIFEST /MANIFESTUAC:"level='asInvoker' uiAccess='false'" /manifest:embed /Debug /PDB:"D:\Projects\Smart Pan Viewer\SmartPanViewer\PanViewer v2\C++\4.2. Video stitcher with central priority and cuda\x64\Debug\1. Image Stitcher.pdb" /SUBSYSTEM:CONSOLE /TLBID:1 /DYNAMICBASE /NXCOMPAT /IMPLIB:"D:\Projects\Smart Pan Viewer\SmartPanViewer\PanViewer v2\C++\4.2. Video stitcher with central priority and cuda\x64\Debug\1. Image Stitcher.lib" /MACHINE:X64 x64\Debug\main.obj
         1. Image Stitcher.vcxproj -> D:\Projects\Smart Pan Viewer\SmartPanViewer\PanViewer v2\C++\4.2. Video stitcher with central priority and cuda\x64\Debug\1. Image Stitcher.exe
     1>c:\opencv\build\install\include\opencv2\core\mat.inl.hpp(502): warning C6297: Arithmetic overflow:  32-bit value is shifted, then cast to 64-bit value.  Results might not be an expected value.
     1>c:\opencv\build\install\include\opencv2\core\mat.inl.hpp(535): warning C6297: Arithmetic overflow:  32-bit value is shifted, then cast to 64-bit value.  Results might not be an expected value.
     1>c:\opencv\build\install\include\opencv2\core\mat.inl.hpp(2097): warning C6297: Arithmetic overflow:  32-bit value is shifted, then cast to 64-bit value.  Results might not be an expected value.
     1>c:\opencv\build\install\include\opencv2\core\mat.inl.hpp(2541): warning C6011: Dereferencing NULL pointer 'm'. See line 2538 for an earlier location where this can occur
     1>c:\opencv\build\install\include\opencv2\core\mat.inl.hpp(2555): warning C6011: Dereferencing NULL pointer 'm'. See line 2552 for an earlier location where this can occur
     1>c:\opencv\build\install\include\opencv2\core\utility.hpp(485): warning C6297: Arithmetic overflow:  32-bit value is shifted, then cast to 64-bit value.  Results might not be an expected value.
     1>c:\opencv\build\install\include\opencv2\core\cuda.inl.hpp(301): warning C6297: Arithmetic overflow:  32-bit value is shifted, then cast to 64-bit value.  Results might not be an expected value.
     1>c:\opencv\build\install\include\opencv2\core\cuda.inl.hpp(482): warning C6297: Arithmetic overflow:  32-bit value is shifted, then cast to 64-bit value.  Results might not be an expected value.
     1>c:\opencv\build\install\include\opencv2\core\matx.hpp(1091): warning C6385: Reading invalid data from 'this->val':  the readable size is '12' bytes, but 'i' bytes may be read.
     1>c:\opencv\build\install\include\opencv2\core\mat.inl.hpp(1800): warning C6011: Dereferencing NULL pointer 'this->data+this->step.p[0]*i0'. 
     1>c:\opencv\build\install\include\opencv2\core\matx.hpp(534): warning C6294: Ill-defined for-loop:  initial condition does not satisfy test.  Loop body not executed.
     1>c:\opencv\build\install\include\opencv2\core\matx.hpp(534): warning C6201: Index '3' is out of valid index range '0' to '2' for possibly stack allocated buffer 'this->val'.
     1>c:\opencv\build\install\include\opencv2\core\mat.inl.hpp(1069): warning C6011: Dereferencing NULL pointer 'data+step.p[0]*i0'. 
     1>c:\opencv\build\install\include\opencv2\core\matx.hpp(526): warning C6294: Ill-defined for-loop:  initial condition does not satisfy test.  Loop body not executed.
     1>c:\opencv\build\install\include\opencv2\core\matx.hpp(526): warning C6201: Index '2' is out of valid index range '0' to '1' for possibly stack allocated buffer 'this->val'.
     1>c:\opencv\build\install\include\opencv2\core\matx.hpp(542): warning C6294: Ill-defined for-loop:  initial condition does not satisfy test.  Loop body not executed.
     1>c:\opencv\build\install\include\opencv2\core\matx.hpp(542): warning C6201: Index '4' is out of valid index range '0' to '3' for possibly stack allocated buffer 'this->val'.
     1>Done Building Project "D:\Projects\Smart Pan Viewer\SmartPanViewer\PanViewer v2\C++\4.2. Video stitcher with central priority and cuda\1. Image Stitcher\1. Image Stitcher.vcxproj" (Rebuild target(s)).

Build succeeded.

Time Elapsed 00:00:18.50
