d:\projects\smart pan viewer\smartpanviewer\pan viewer final\1.4 panviwerui with auto functionality\1.0 panviwerui\x64\debug\my10panviwerui.calibaratewindow.resources
d:\projects\smart pan viewer\smartpanviewer\pan viewer final\1.4 panviwerui with auto functionality\1.0 panviwerui\x64\debug\my10panviwerui.mainwindow.resources
d:\projects\smart pan viewer\smartpanviewer\pan viewer final\1.4 panviwerui with auto functionality\1.0 panviwerui\x64\debug\my10panviwerui.mapwindow.resources
d:\projects\smart pan viewer\smartpanviewer\pan viewer final\1.4 panviwerui with auto functionality\1.0 panviwerui\x64\debug\vc140.pdb
d:\projects\smart pan viewer\smartpanviewer\pan viewer final\1.4 panviwerui with auto functionality\1.0 panviwerui\x64\debug\mapwindow.obj
d:\projects\smart pan viewer\smartpanviewer\pan viewer final\1.4 panviwerui with auto functionality\1.0 panviwerui\x64\debug\calibratewindow.obj
d:\projects\smart pan viewer\smartpanviewer\pan viewer final\1.4 panviwerui with auto functionality\1.0 panviwerui\x64\debug\mainwindow.obj
d:\projects\smart pan viewer\smartpanviewer\pan viewer final\1.4 panviwerui with auto functionality\1.0 panviwerui\x64\debug\coreprogram.obj
d:\projects\smart pan viewer\smartpanviewer\pan viewer final\1.4 panviwerui with auto functionality\1.0 panviwerui\x64\debug\.netframework,version=v4.5.2.assemblyattributes.obj
d:\projects\smart pan viewer\smartpanviewer\pan viewer final\1.4 panviwerui with auto functionality\1.0 panviwerui\x64\debug\.netframework,version=v4.5.2.assemblyattributes.asm
d:\projects\smart pan viewer\smartpanviewer\pan viewer final\1.4 panviwerui with auto functionality\x64\debug\1.0 panviwerui.exe
d:\projects\smart pan viewer\smartpanviewer\pan viewer final\1.4 panviwerui with auto functionality\x64\debug\1.0 panviwerui.pdb
d:\projects\smart pan viewer\smartpanviewer\pan viewer final\1.4 panviwerui with auto functionality\1.0 panviwerui\x64\debug\1.0 panviwerui.vcxproj.generateresource.cache
d:\projects\smart pan viewer\smartpanviewer\pan viewer final\1.4 panviwerui with auto functionality\1.0 panviwerui\x64\debug\1.0 panviwerui.vcxprojresolveassemblyreference.cache
d:\projects\smart pan viewer\smartpanviewer\pan viewer final\1.4 panviwerui with auto functionality\1.0 panviwerui\x64\debug\1.0 panviwerui.tlog\1.0 panviwerui.write.1u.tlog
d:\projects\smart pan viewer\smartpanviewer\pan viewer final\1.4 panviwerui with auto functionality\1.0 panviwerui\x64\debug\1.0 panviwerui.tlog\cl.command.1.tlog
d:\projects\smart pan viewer\smartpanviewer\pan viewer final\1.4 panviwerui with auto functionality\1.0 panviwerui\x64\debug\1.0 panviwerui.tlog\cl.read.1.tlog
d:\projects\smart pan viewer\smartpanviewer\pan viewer final\1.4 panviwerui with auto functionality\1.0 panviwerui\x64\debug\1.0 panviwerui.tlog\cl.write.1.tlog
d:\projects\smart pan viewer\smartpanviewer\pan viewer final\1.4 panviwerui with auto functionality\1.0 panviwerui\x64\debug\1.0 panviwerui.tlog\link.command.1.tlog
d:\projects\smart pan viewer\smartpanviewer\pan viewer final\1.4 panviwerui with auto functionality\1.0 panviwerui\x64\debug\1.0 panviwerui.tlog\link.read.1.tlog
d:\projects\smart pan viewer\smartpanviewer\pan viewer final\1.4 panviwerui with auto functionality\1.0 panviwerui\x64\debug\1.0 panviwerui.tlog\link.write.1.tlog
d:\projects\smart pan viewer\smartpanviewer\pan viewer final\1.4 panviwerui with auto functionality\1.0 panviwerui\x64\debug\1.0 panviwerui.tlog\metagen.read.1.tlog
d:\projects\smart pan viewer\smartpanviewer\pan viewer final\1.4 panviwerui with auto functionality\1.0 panviwerui\x64\debug\1.0 panviwerui.tlog\metagen.write.1.tlog
d:\projects\smart pan viewer\smartpanviewer\pan viewer final\1.4 panviwerui with auto functionality\1.0 panviwerui\x64\debug\1.0 panviwerui.tlog\tzres.dll.bi
