d:\projects\smart pan viewer\smartpanviewer\panviewer v4\1.3 panviewercore final\1.0 panviwerui\x64\debug\vc140.pdb
d:\projects\smart pan viewer\smartpanviewer\panviewer v4\1.3 panviewercore final\1.0 panviwerui\x64\debug\vc140.idb
d:\projects\smart pan viewer\smartpanviewer\panviewer v4\1.3 panviewercore final\1.0 panviwerui\x64\debug\gpustitcher.obj
d:\projects\smart pan viewer\smartpanviewer\panviewer v4\1.3 panviewercore final\1.0 panviwerui\x64\debug\left_frame_queue.obj
d:\projects\smart pan viewer\smartpanviewer\panviewer v4\1.3 panviewercore final\1.0 panviwerui\x64\debug\middle_frame_queue.obj
d:\projects\smart pan viewer\smartpanviewer\panviewer v4\1.3 panviewercore final\1.0 panviwerui\x64\debug\panviewercore.obj
d:\projects\smart pan viewer\smartpanviewer\panviewer v4\1.3 panviewercore final\1.0 panviwerui\x64\debug\panviewerui.obj
d:\projects\smart pan viewer\smartpanviewer\panviewer v4\1.3 panviewercore final\1.0 panviwerui\x64\debug\right_frame_queue.obj
d:\projects\smart pan viewer\smartpanviewer\panviewer v4\1.3 panviewercore final\1.0 panviwerui\x64\debug\source.obj
d:\projects\smart pan viewer\smartpanviewer\panviewer v4\1.3 panviewercore final\1.0 panviwerui\x64\debug\stitched_frame_queue.obj
d:\projects\smart pan viewer\smartpanviewer\panviewer v4\1.3 panviewercore final\x64\debug\panviewer core.ilk
d:\projects\smart pan viewer\smartpanviewer\panviewer v4\1.3 panviewercore final\x64\debug\panviewer core.exe
d:\projects\smart pan viewer\smartpanviewer\panviewer v4\1.3 panviewercore final\x64\debug\panviewer core.pdb
d:\projects\smart pan viewer\smartpanviewer\panviewer v4\1.3 panviewercore final\1.0 panviwerui\x64\debug\1.0 panviwerui.vcxprojresolveassemblyreference.cache
d:\projects\smart pan viewer\smartpanviewer\panviewer v4\1.3 panviewercore final\1.0 panviwerui\x64\debug\panviewer core.tlog\cl.command.1.tlog
d:\projects\smart pan viewer\smartpanviewer\panviewer v4\1.3 panviewercore final\1.0 panviwerui\x64\debug\panviewer core.tlog\cl.read.1.tlog
d:\projects\smart pan viewer\smartpanviewer\panviewer v4\1.3 panviewercore final\1.0 panviwerui\x64\debug\panviewer core.tlog\cl.write.1.tlog
d:\projects\smart pan viewer\smartpanviewer\panviewer v4\1.3 panviewercore final\1.0 panviwerui\x64\debug\panviewer core.tlog\link.command.1.tlog
d:\projects\smart pan viewer\smartpanviewer\panviewer v4\1.3 panviewercore final\1.0 panviwerui\x64\debug\panviewer core.tlog\link.read.1.tlog
d:\projects\smart pan viewer\smartpanviewer\panviewer v4\1.3 panviewercore final\1.0 panviwerui\x64\debug\panviewer core.tlog\link.write.1.tlog
